#
# There is insufficient memory for the Java Runtime Environment to continue.
# Native memory allocation (malloc) failed to allocate 1037008 bytes for Chunk::new
# Possible reasons:
#   The system is out of physical RAM or swap space
#   The process is running with CompressedOops enabled, and the Java Heap may be blocking the growth of the native heap
# Possible solutions:
#   Reduce memory load on the system
#   Increase physical memory or swap space
#   Check if swap backing store is full
#   Decrease Java heap size (-Xmx/-Xms)
#   Decrease number of Java threads
#   Decrease Java thread stack sizes (-Xss)
#   Set larger code cache with -XX:ReservedCodeCacheSize=
#   JVM is running with Zero Based Compressed Oops mode in which the Java heap is
#     placed in the first 32GB address space. The Java Heap base address is the
#     maximum limit for the native heap growth. Please use -XX:HeapBaseMinAddress
#     to set the Java Heap base and to place the Java Heap above 32GB virtual address.
# This output file may be truncated or incomplete.
#
#  Out of Memory Error (arena.cpp:189), pid=22920, tid=39976
#
# JRE version: OpenJDK Runtime Environment (17.0.0.1+2) (build 17.0.0.1+2-3)
# Java VM: OpenJDK 64-Bit Server VM (17.0.0.1+2-3, mixed mode, sharing, tiered, compressed oops, compressed class ptrs, g1 gc, windows-amd64)
# No core dump will be written. Minidumps are not enabled by default on client versions of Windows
#

---------------  S U M M A R Y ------------

Command Line: -Dclassworlds.conf=C:\ProgramData\chocolatey\lib\maven\apache-maven-3.9.6\bin\m2.conf -Dmaven.home=C:\ProgramData\chocolatey\lib\maven\apache-maven-3.9.6 -Dlibrary.jansi.path=C:\ProgramData\chocolatey\lib\maven\apache-maven-3.9.6\lib\jansi-native -Dmaven.multiModuleProjectDirectory=E:\ERC\BGC Event Management\bgc-event-management-system org.codehaus.plexus.classworlds.launcher.Launcher spring-boot:run

Host: 11th Gen Intel(R) Core(TM) i7-1165G7 @ 2.80GHz, 8 cores, 15G,  Windows 10 , 64 bit Build 26100 (10.0.26100.7705)
Time: Sun Mar  1 12:35:40 2026 South Africa Standard Time elapsed time: 4.800503 seconds (0d 0h 0m 4s)

---------------  T H R E A D  ---------------

Current thread (0x000001d1d7289c30):  JavaThread "C2 CompilerThread1" daemon [_thread_in_native, id=39976, stack(0x0000003e65c00000,0x0000003e65d00000)]


Current CompileTask:
C2:   4800 4598       4       jdk.nio.zipfs.ZipFileSystem::makeParentDirs (141 bytes)

Stack: [0x0000003e65c00000,0x0000003e65d00000]
Native frames: (J=compiled Java code, j=interpreted, Vv=VM code, C=native code)
V  [jvm.dll+0x66f8ea]
V  [jvm.dll+0x7ce224]
V  [jvm.dll+0x7cf9ce]
V  [jvm.dll+0x7d0033]
V  [jvm.dll+0x242bb5]
V  [jvm.dll+0xaa05b]
V  [jvm.dll+0xaa5ec]
V  [jvm.dll+0x35f9f7]
V  [jvm.dll+0x329f61]
V  [jvm.dll+0x32940a]
V  [jvm.dll+0x215ca1]
V  [jvm.dll+0x2150c1]
V  [jvm.dll+0x1a168d]
V  [jvm.dll+0x2248f8]
V  [jvm.dll+0x222a5c]
V  [jvm.dll+0x78422b]
V  [jvm.dll+0x77e7ea]
V  [jvm.dll+0x66e715]
C  [ucrtbase.dll+0x37b0]
C  [KERNEL32.DLL+0x2e8d7]
C  [ntdll.dll+0x8c40c]


---------------  P R O C E S S  ---------------

Threads class SMR info:
_java_thread_list=0x000001d1d893e980, length=13, elements={
0x000001d1b1f6ff20, 0x000001d1d6501b60, 0x000001d1d6502510, 0x000001d1d6516d40,
0x000001d1d65176f0, 0x000001d1d65180a0, 0x000001d1d6518a50, 0x000001d1d651b7f0,
0x000001d1d65342b0, 0x000001d1d6536cb0, 0x000001d1d71348f0, 0x000001d1d71355e0,
0x000001d1d7289c30
}

Java Threads: ( => current thread )
  0x000001d1b1f6ff20 JavaThread "main" [_thread_in_vm, id=4108, stack(0x0000003e64900000,0x0000003e64a00000)]
  0x000001d1d6501b60 JavaThread "Reference Handler" daemon [_thread_blocked, id=37368, stack(0x0000003e65000000,0x0000003e65100000)]
  0x000001d1d6502510 JavaThread "Finalizer" daemon [_thread_blocked, id=45168, stack(0x0000003e65100000,0x0000003e65200000)]
  0x000001d1d6516d40 JavaThread "Signal Dispatcher" daemon [_thread_blocked, id=40064, stack(0x0000003e65200000,0x0000003e65300000)]
  0x000001d1d65176f0 JavaThread "Attach Listener" daemon [_thread_blocked, id=20232, stack(0x0000003e65300000,0x0000003e65400000)]
  0x000001d1d65180a0 JavaThread "Service Thread" daemon [_thread_blocked, id=32608, stack(0x0000003e65400000,0x0000003e65500000)]
  0x000001d1d6518a50 JavaThread "Monitor Deflation Thread" daemon [_thread_blocked, id=36616, stack(0x0000003e65500000,0x0000003e65600000)]
  0x000001d1d651b7f0 JavaThread "C2 CompilerThread0" daemon [_thread_in_native, id=28196, stack(0x0000003e65600000,0x0000003e65700000)]
  0x000001d1d65342b0 JavaThread "C1 CompilerThread0" daemon [_thread_blocked, id=38272, stack(0x0000003e65700000,0x0000003e65800000)]
  0x000001d1d6536cb0 JavaThread "Sweeper thread" daemon [_thread_blocked, id=35884, stack(0x0000003e65800000,0x0000003e65900000)]
  0x000001d1d71348f0 JavaThread "Notification Thread" daemon [_thread_blocked, id=5032, stack(0x0000003e65900000,0x0000003e65a00000)]
  0x000001d1d71355e0 JavaThread "Common-Cleaner" daemon [_thread_blocked, id=44612, stack(0x0000003e65b00000,0x0000003e65c00000)]
=>0x000001d1d7289c30 JavaThread "C2 CompilerThread1" daemon [_thread_in_native, id=39976, stack(0x0000003e65c00000,0x0000003e65d00000)]

Other Threads:
  0x000001d1d64fd1c0 VMThread "VM Thread" [stack: 0x0000003e64f00000,0x0000003e65000000] [id=2656]
  0x000001d1b1feb830 WatcherThread [stack: 0x0000003e65a00000,0x0000003e65b00000] [id=47540]
  0x000001d1b1fbee10 GCTaskThread "GC Thread#0" [stack: 0x0000003e64a00000,0x0000003e64b00000] [id=45216]
  0x000001d1d7b1abd0 GCTaskThread "GC Thread#1" [stack: 0x0000003e65e00000,0x0000003e65f00000] [id=28796]
  0x000001d1d7a88f30 GCTaskThread "GC Thread#2" [stack: 0x0000003e65f00000,0x0000003e66000000] [id=13320]
  0x000001d1d7a891e0 GCTaskThread "GC Thread#3" [stack: 0x0000003e66000000,0x0000003e66100000] [id=21940]
  0x000001d1d79b7fa0 GCTaskThread "GC Thread#4" [stack: 0x0000003e66100000,0x0000003e66200000] [id=30116]
  0x000001d1d7b9e050 GCTaskThread "GC Thread#5" [stack: 0x0000003e66200000,0x0000003e66300000] [id=36304]
  0x000001d1d7b9e300 GCTaskThread "GC Thread#6" [stack: 0x0000003e66300000,0x0000003e66400000] [id=45952]
  0x000001d1d7991d00 GCTaskThread "GC Thread#7" [stack: 0x0000003e66400000,0x0000003e66500000] [id=45068]
  0x000001d1b1fd1fc0 ConcurrentGCThread "G1 Main Marker" [stack: 0x0000003e64b00000,0x0000003e64c00000] [id=35612]
  0x000001d1b1fd3780 ConcurrentGCThread "G1 Conc#0" [stack: 0x0000003e64c00000,0x0000003e64d00000] [id=25424]
  0x000001d1d63c30e0 ConcurrentGCThread "G1 Refine#0" [stack: 0x0000003e64d00000,0x0000003e64e00000] [id=38944]
  0x000001d1d63c38a0 ConcurrentGCThread "G1 Service" [stack: 0x0000003e64e00000,0x0000003e64f00000] [id=36544]

Threads with active compile tasks:
C2 CompilerThread0     4830 4627       4       java.util.HashSet::add (20 bytes)
C2 CompilerThread1     4830 4598       4       jdk.nio.zipfs.ZipFileSystem::makeParentDirs (141 bytes)

VM state: not at safepoint (normal execution)

VM Mutex/Monitor currently owned by a thread: None

Heap address: 0x0000000709600000, size: 3946 MB, Compressed Oops mode: Zero based, Oop shift amount: 3

CDS archive(s) mapped at: [0x0000000800000000-0x0000000800bc0000-0x0000000800bc0000), size 12320768, SharedBaseAddress: 0x0000000800000000, ArchiveRelocationMode: 0.
Compressed class space mapped at: 0x0000000800c00000-0x0000000840c00000, reserved size: 1073741824
Narrow klass base: 0x0000000800000000, Narrow klass shift: 0, Narrow klass range: 0x100000000

GC Precious Log:
 CPUs: 8 total, 8 available
 Memory: 15781M
 Large Page Support: Disabled
 NUMA Support: Disabled
 Compressed Oops: Enabled (Zero based)
 Heap Region Size: 2M
 Heap Min Capacity: 8M
 Heap Initial Capacity: 248M
 Heap Max Capacity: 3946M
 Pre-touch: Disabled
 Parallel Workers: 8
 Concurrent Workers: 2
 Concurrent Refinement Workers: 8
 Periodic GC: Disabled

Heap:
 garbage-first heap   total 253952K, used 148981K [0x0000000709600000, 0x0000000800000000)
  region size 2048K, 71 young (145408K), 6 survivors (12288K)
 Metaspace       used 19862K, committed 20160K, reserved 1073152K
  class space    used 2291K, committed 2432K, reserved 1048576K

Heap Regions: E=young(eden), S=young(survivor), O=old, HS=humongous(starts), HC=humongous(continues), CS=collection set, F=free, OA=open archive, CA=closed archive, TAMS=top-at-mark-start (previous, next)
|   0|0x0000000709600000, 0x0000000709800000, 0x0000000709800000|100%| O|  |TAMS 0x0000000709600000, 0x0000000709600000| Untracked 
|   1|0x0000000709800000, 0x000000070997d400, 0x0000000709a00000| 74%| O|  |TAMS 0x0000000709800000, 0x0000000709800000| Untracked 
|   2|0x0000000709a00000, 0x0000000709c00000, 0x0000000709c00000|100%|HS|  |TAMS 0x0000000709a00000, 0x0000000709a00000| Complete 
|   3|0x0000000709c00000, 0x0000000709e00000, 0x0000000709e00000|100%|HS|  |TAMS 0x0000000709c00000, 0x0000000709c00000| Complete 
|   4|0x0000000709e00000, 0x0000000709e00000, 0x000000070a000000|  0%| F|  |TAMS 0x0000000709e00000, 0x0000000709e00000| Untracked 
|   5|0x000000070a000000, 0x000000070a000000, 0x000000070a200000|  0%| F|  |TAMS 0x000000070a000000, 0x000000070a000000| Untracked 
|   6|0x000000070a200000, 0x000000070a200000, 0x000000070a400000|  0%| F|  |TAMS 0x000000070a200000, 0x000000070a200000| Untracked 
|   7|0x000000070a400000, 0x000000070a400000, 0x000000070a600000|  0%| F|  |TAMS 0x000000070a400000, 0x000000070a400000| Untracked 
|   8|0x000000070a600000, 0x000000070a600000, 0x000000070a800000|  0%| F|  |TAMS 0x000000070a600000, 0x000000070a600000| Untracked 
|   9|0x000000070a800000, 0x000000070a800000, 0x000000070aa00000|  0%| F|  |TAMS 0x000000070a800000, 0x000000070a800000| Untracked 
|  10|0x000000070aa00000, 0x000000070aa00000, 0x000000070ac00000|  0%| F|  |TAMS 0x000000070aa00000, 0x000000070aa00000| Untracked 
|  11|0x000000070ac00000, 0x000000070ac00000, 0x000000070ae00000|  0%| F|  |TAMS 0x000000070ac00000, 0x000000070ac00000| Untracked 
|  12|0x000000070ae00000, 0x000000070ae00000, 0x000000070b000000|  0%| F|  |TAMS 0x000000070ae00000, 0x000000070ae00000| Untracked 
|  13|0x000000070b000000, 0x000000070b000000, 0x000000070b200000|  0%| F|  |TAMS 0x000000070b000000, 0x000000070b000000| Untracked 
|  14|0x000000070b200000, 0x000000070b200000, 0x000000070b400000|  0%| F|  |TAMS 0x000000070b200000, 0x000000070b200000| Untracked 
|  15|0x000000070b400000, 0x000000070b400000, 0x000000070b600000|  0%| F|  |TAMS 0x000000070b400000, 0x000000070b400000| Untracked 
|  16|0x000000070b600000, 0x000000070b600000, 0x000000070b800000|  0%| F|  |TAMS 0x000000070b600000, 0x000000070b600000| Untracked 
|  17|0x000000070b800000, 0x000000070b800000, 0x000000070ba00000|  0%| F|  |TAMS 0x000000070b800000, 0x000000070b800000| Untracked 
|  18|0x000000070ba00000, 0x000000070ba00000, 0x000000070bc00000|  0%| F|  |TAMS 0x000000070ba00000, 0x000000070ba00000| Untracked 
|  19|0x000000070bc00000, 0x000000070bc00000, 0x000000070be00000|  0%| F|  |TAMS 0x000000070bc00000, 0x000000070bc00000| Untracked 
|  20|0x000000070be00000, 0x000000070be00000, 0x000000070c000000|  0%| F|  |TAMS 0x000000070be00000, 0x000000070be00000| Untracked 
|  21|0x000000070c000000, 0x000000070c000000, 0x000000070c200000|  0%| F|  |TAMS 0x000000070c000000, 0x000000070c000000| Untracked 
|  22|0x000000070c200000, 0x000000070c200000, 0x000000070c400000|  0%| F|  |TAMS 0x000000070c200000, 0x000000070c200000| Untracked 
|  23|0x000000070c400000, 0x000000070c400000, 0x000000070c600000|  0%| F|  |TAMS 0x000000070c400000, 0x000000070c400000| Untracked 
|  24|0x000000070c600000, 0x000000070c600000, 0x000000070c800000|  0%| F|  |TAMS 0x000000070c600000, 0x000000070c600000| Untracked 
|  25|0x000000070c800000, 0x000000070c800000, 0x000000070ca00000|  0%| F|  |TAMS 0x000000070c800000, 0x000000070c800000| Untracked 
|  26|0x000000070ca00000, 0x000000070ca00000, 0x000000070cc00000|  0%| F|  |TAMS 0x000000070ca00000, 0x000000070ca00000| Untracked 
|  27|0x000000070cc00000, 0x000000070cc00000, 0x000000070ce00000|  0%| F|  |TAMS 0x000000070cc00000, 0x000000070cc00000| Untracked 
|  28|0x000000070ce00000, 0x000000070ce00000, 0x000000070d000000|  0%| F|  |TAMS 0x000000070ce00000, 0x000000070ce00000| Untracked 
|  29|0x000000070d000000, 0x000000070d000000, 0x000000070d200000|  0%| F|  |TAMS 0x000000070d000000, 0x000000070d000000| Untracked 
|  30|0x000000070d200000, 0x000000070d200000, 0x000000070d400000|  0%| F|  |TAMS 0x000000070d200000, 0x000000070d200000| Untracked 
|  31|0x000000070d400000, 0x000000070d400000, 0x000000070d600000|  0%| F|  |TAMS 0x000000070d400000, 0x000000070d400000| Untracked 
|  32|0x000000070d600000, 0x000000070d600000, 0x000000070d800000|  0%| F|  |TAMS 0x000000070d600000, 0x000000070d600000| Untracked 
|  33|0x000000070d800000, 0x000000070d800000, 0x000000070da00000|  0%| F|  |TAMS 0x000000070d800000, 0x000000070d800000| Untracked 
|  34|0x000000070da00000, 0x000000070da00000, 0x000000070dc00000|  0%| F|  |TAMS 0x000000070da00000, 0x000000070da00000| Untracked 
|  35|0x000000070dc00000, 0x000000070dc00000, 0x000000070de00000|  0%| F|  |TAMS 0x000000070dc00000, 0x000000070dc00000| Untracked 
|  36|0x000000070de00000, 0x000000070de00000, 0x000000070e000000|  0%| F|  |TAMS 0x000000070de00000, 0x000000070de00000| Untracked 
|  37|0x000000070e000000, 0x000000070e000000, 0x000000070e200000|  0%| F|  |TAMS 0x000000070e000000, 0x000000070e000000| Untracked 
|  38|0x000000070e200000, 0x000000070e200000, 0x000000070e400000|  0%| F|  |TAMS 0x000000070e200000, 0x000000070e200000| Untracked 
|  39|0x000000070e400000, 0x000000070e400000, 0x000000070e600000|  0%| F|  |TAMS 0x000000070e400000, 0x000000070e400000| Untracked 
|  40|0x000000070e600000, 0x000000070e600000, 0x000000070e800000|  0%| F|  |TAMS 0x000000070e600000, 0x000000070e600000| Untracked 
|  41|0x000000070e800000, 0x000000070e800000, 0x000000070ea00000|  0%| F|  |TAMS 0x000000070e800000, 0x000000070e800000| Untracked 
|  42|0x000000070ea00000, 0x000000070ea00000, 0x000000070ec00000|  0%| F|  |TAMS 0x000000070ea00000, 0x000000070ea00000| Untracked 
|  43|0x000000070ec00000, 0x000000070ec00000, 0x000000070ee00000|  0%| F|  |TAMS 0x000000070ec00000, 0x000000070ec00000| Untracked 
|  44|0x000000070ee00000, 0x000000070ee00000, 0x000000070f000000|  0%| F|  |TAMS 0x000000070ee00000, 0x000000070ee00000| Untracked 
|  45|0x000000070f000000, 0x000000070f000000, 0x000000070f200000|  0%| F|  |TAMS 0x000000070f000000, 0x000000070f000000| Untracked 
|  46|0x000000070f200000, 0x000000070f200000, 0x000000070f400000|  0%| F|  |TAMS 0x000000070f200000, 0x000000070f200000| Untracked 
|  47|0x000000070f400000, 0x000000070f400000, 0x000000070f600000|  0%| F|  |TAMS 0x000000070f400000, 0x000000070f400000| Untracked 
|  48|0x000000070f600000, 0x000000070f600000, 0x000000070f800000|  0%| F|  |TAMS 0x000000070f600000, 0x000000070f600000| Untracked 
|  49|0x000000070f800000, 0x000000070f800000, 0x000000070fa00000|  0%| F|  |TAMS 0x000000070f800000, 0x000000070f800000| Untracked 
|  50|0x000000070fa00000, 0x000000070fa00000, 0x000000070fc00000|  0%| F|  |TAMS 0x000000070fa00000, 0x000000070fa00000| Untracked 
|  51|0x000000070fc00000, 0x000000070fe00000, 0x000000070fe00000|100%| S|CS|TAMS 0x000000070fc00000, 0x000000070fc00000| Complete 
|  52|0x000000070fe00000, 0x0000000710000000, 0x0000000710000000|100%| S|CS|TAMS 0x000000070fe00000, 0x000000070fe00000| Complete 
|  53|0x0000000710000000, 0x0000000710200000, 0x0000000710200000|100%| S|CS|TAMS 0x0000000710000000, 0x0000000710000000| Complete 
|  54|0x0000000710200000, 0x0000000710400000, 0x0000000710400000|100%| S|CS|TAMS 0x0000000710200000, 0x0000000710200000| Complete 
|  55|0x0000000710400000, 0x0000000710600000, 0x0000000710600000|100%| S|CS|TAMS 0x0000000710400000, 0x0000000710400000| Complete 
|  56|0x0000000710600000, 0x0000000710800000, 0x0000000710800000|100%| S|CS|TAMS 0x0000000710600000, 0x0000000710600000| Complete 
|  57|0x0000000710800000, 0x0000000710800000, 0x0000000710a00000|  0%| F|  |TAMS 0x0000000710800000, 0x0000000710800000| Untracked 
|  58|0x0000000710a00000, 0x0000000710a00000, 0x0000000710c00000|  0%| F|  |TAMS 0x0000000710a00000, 0x0000000710a00000| Untracked 
|  59|0x0000000710c00000, 0x0000000710e00000, 0x0000000710e00000|100%| E|  |TAMS 0x0000000710c00000, 0x0000000710c00000| Complete 
|  60|0x0000000710e00000, 0x0000000711000000, 0x0000000711000000|100%| E|CS|TAMS 0x0000000710e00000, 0x0000000710e00000| Complete 
|  61|0x0000000711000000, 0x0000000711200000, 0x0000000711200000|100%| E|CS|TAMS 0x0000000711000000, 0x0000000711000000| Complete 
|  62|0x0000000711200000, 0x0000000711400000, 0x0000000711400000|100%| E|CS|TAMS 0x0000000711200000, 0x0000000711200000| Complete 
|  63|0x0000000711400000, 0x0000000711600000, 0x0000000711600000|100%| E|CS|TAMS 0x0000000711400000, 0x0000000711400000| Complete 
|  64|0x0000000711600000, 0x0000000711800000, 0x0000000711800000|100%| E|CS|TAMS 0x0000000711600000, 0x0000000711600000| Complete 
|  65|0x0000000711800000, 0x0000000711a00000, 0x0000000711a00000|100%| E|CS|TAMS 0x0000000711800000, 0x0000000711800000| Complete 
|  66|0x0000000711a00000, 0x0000000711c00000, 0x0000000711c00000|100%| E|CS|TAMS 0x0000000711a00000, 0x0000000711a00000| Complete 
|  67|0x0000000711c00000, 0x0000000711e00000, 0x0000000711e00000|100%| E|CS|TAMS 0x0000000711c00000, 0x0000000711c00000| Complete 
|  68|0x0000000711e00000, 0x0000000712000000, 0x0000000712000000|100%| E|CS|TAMS 0x0000000711e00000, 0x0000000711e00000| Complete 
|  69|0x0000000712000000, 0x0000000712200000, 0x0000000712200000|100%| E|CS|TAMS 0x0000000712000000, 0x0000000712000000| Complete 
|  70|0x0000000712200000, 0x0000000712400000, 0x0000000712400000|100%| E|CS|TAMS 0x0000000712200000, 0x0000000712200000| Complete 
|  71|0x0000000712400000, 0x0000000712600000, 0x0000000712600000|100%| E|CS|TAMS 0x0000000712400000, 0x0000000712400000| Complete 
|  72|0x0000000712600000, 0x0000000712800000, 0x0000000712800000|100%| E|  |TAMS 0x0000000712600000, 0x0000000712600000| Complete 
|  73|0x0000000712800000, 0x0000000712a00000, 0x0000000712a00000|100%| E|CS|TAMS 0x0000000712800000, 0x0000000712800000| Complete 
|  74|0x0000000712a00000, 0x0000000712c00000, 0x0000000712c00000|100%| E|CS|TAMS 0x0000000712a00000, 0x0000000712a00000| Complete 
|  75|0x0000000712c00000, 0x0000000712e00000, 0x0000000712e00000|100%| E|CS|TAMS 0x0000000712c00000, 0x0000000712c00000| Complete 
|  76|0x0000000712e00000, 0x0000000713000000, 0x0000000713000000|100%| E|CS|TAMS 0x0000000712e00000, 0x0000000712e00000| Complete 
|  77|0x0000000713000000, 0x0000000713200000, 0x0000000713200000|100%| E|CS|TAMS 0x0000000713000000, 0x0000000713000000| Complete 
|  78|0x0000000713200000, 0x0000000713400000, 0x0000000713400000|100%| E|CS|TAMS 0x0000000713200000, 0x0000000713200000| Complete 
|  79|0x0000000713400000, 0x0000000713600000, 0x0000000713600000|100%| E|CS|TAMS 0x0000000713400000, 0x0000000713400000| Complete 
|  80|0x0000000713600000, 0x0000000713800000, 0x0000000713800000|100%| E|CS|TAMS 0x0000000713600000, 0x0000000713600000| Complete 
|  81|0x0000000713800000, 0x0000000713a00000, 0x0000000713a00000|100%| E|CS|TAMS 0x0000000713800000, 0x0000000713800000| Complete 
|  82|0x0000000713a00000, 0x0000000713c00000, 0x0000000713c00000|100%| E|CS|TAMS 0x0000000713a00000, 0x0000000713a00000| Complete 
|  83|0x0000000713c00000, 0x0000000713e00000, 0x0000000713e00000|100%| E|CS|TAMS 0x0000000713c00000, 0x0000000713c00000| Complete 
|  84|0x0000000713e00000, 0x0000000714000000, 0x0000000714000000|100%| E|CS|TAMS 0x0000000713e00000, 0x0000000713e00000| Complete 
|  85|0x0000000714000000, 0x0000000714200000, 0x0000000714200000|100%| E|CS|TAMS 0x0000000714000000, 0x0000000714000000| Complete 
|  86|0x0000000714200000, 0x0000000714400000, 0x0000000714400000|100%| E|CS|TAMS 0x0000000714200000, 0x0000000714200000| Complete 
|  87|0x0000000714400000, 0x0000000714600000, 0x0000000714600000|100%| E|CS|TAMS 0x0000000714400000, 0x0000000714400000| Complete 
|  88|0x0000000714600000, 0x0000000714800000, 0x0000000714800000|100%| E|CS|TAMS 0x0000000714600000, 0x0000000714600000| Complete 
|  89|0x0000000714800000, 0x0000000714a00000, 0x0000000714a00000|100%| E|CS|TAMS 0x0000000714800000, 0x0000000714800000| Complete 
|  90|0x0000000714a00000, 0x0000000714c00000, 0x0000000714c00000|100%| E|CS|TAMS 0x0000000714a00000, 0x0000000714a00000| Complete 
|  91|0x0000000714c00000, 0x0000000714e00000, 0x0000000714e00000|100%| E|CS|TAMS 0x0000000714c00000, 0x0000000714c00000| Complete 
|  92|0x0000000714e00000, 0x0000000715000000, 0x0000000715000000|100%| E|CS|TAMS 0x0000000714e00000, 0x0000000714e00000| Complete 
|  93|0x0000000715000000, 0x0000000715200000, 0x0000000715200000|100%| E|CS|TAMS 0x0000000715000000, 0x0000000715000000| Complete 
|  94|0x0000000715200000, 0x0000000715400000, 0x0000000715400000|100%| E|CS|TAMS 0x0000000715200000, 0x0000000715200000| Complete 
|  95|0x0000000715400000, 0x0000000715600000, 0x0000000715600000|100%| E|CS|TAMS 0x0000000715400000, 0x0000000715400000| Complete 
|  96|0x0000000715600000, 0x0000000715800000, 0x0000000715800000|100%| E|CS|TAMS 0x0000000715600000, 0x0000000715600000| Complete 
|  97|0x0000000715800000, 0x0000000715a00000, 0x0000000715a00000|100%| E|CS|TAMS 0x0000000715800000, 0x0000000715800000| Complete 
|  98|0x0000000715a00000, 0x0000000715c00000, 0x0000000715c00000|100%| E|CS|TAMS 0x0000000715a00000, 0x0000000715a00000| Complete 
|  99|0x0000000715c00000, 0x0000000715e00000, 0x0000000715e00000|100%| E|CS|TAMS 0x0000000715c00000, 0x0000000715c00000| Complete 
| 100|0x0000000715e00000, 0x0000000716000000, 0x0000000716000000|100%| E|CS|TAMS 0x0000000715e00000, 0x0000000715e00000| Complete 
| 101|0x0000000716000000, 0x0000000716200000, 0x0000000716200000|100%| E|CS|TAMS 0x0000000716000000, 0x0000000716000000| Complete 
| 102|0x0000000716200000, 0x0000000716400000, 0x0000000716400000|100%| E|CS|TAMS 0x0000000716200000, 0x0000000716200000| Complete 
| 103|0x0000000716400000, 0x0000000716600000, 0x0000000716600000|100%| E|CS|TAMS 0x0000000716400000, 0x0000000716400000| Complete 
| 104|0x0000000716600000, 0x0000000716800000, 0x0000000716800000|100%| E|CS|TAMS 0x0000000716600000, 0x0000000716600000| Complete 
| 105|0x0000000716800000, 0x0000000716a00000, 0x0000000716a00000|100%| E|CS|TAMS 0x0000000716800000, 0x0000000716800000| Complete 
| 106|0x0000000716a00000, 0x0000000716c00000, 0x0000000716c00000|100%| E|CS|TAMS 0x0000000716a00000, 0x0000000716a00000| Complete 
| 107|0x0000000716c00000, 0x0000000716e00000, 0x0000000716e00000|100%| E|CS|TAMS 0x0000000716c00000, 0x0000000716c00000| Complete 
| 108|0x0000000716e00000, 0x0000000717000000, 0x0000000717000000|100%| E|CS|TAMS 0x0000000716e00000, 0x0000000716e00000| Complete 
| 109|0x0000000717000000, 0x0000000717200000, 0x0000000717200000|100%| E|CS|TAMS 0x0000000717000000, 0x0000000717000000| Complete 
| 110|0x0000000717200000, 0x0000000717400000, 0x0000000717400000|100%| E|CS|TAMS 0x0000000717200000, 0x0000000717200000| Complete 
| 111|0x0000000717400000, 0x0000000717600000, 0x0000000717600000|100%| E|CS|TAMS 0x0000000717400000, 0x0000000717400000| Complete 
| 112|0x0000000717600000, 0x0000000717800000, 0x0000000717800000|100%| E|CS|TAMS 0x0000000717600000, 0x0000000717600000| Complete 
| 113|0x0000000717800000, 0x0000000717a00000, 0x0000000717a00000|100%| E|CS|TAMS 0x0000000717800000, 0x0000000717800000| Complete 
| 114|0x0000000717a00000, 0x0000000717c00000, 0x0000000717c00000|100%| E|CS|TAMS 0x0000000717a00000, 0x0000000717a00000| Complete 
| 115|0x0000000717c00000, 0x0000000717e00000, 0x0000000717e00000|100%| E|CS|TAMS 0x0000000717c00000, 0x0000000717c00000| Complete 
| 116|0x0000000717e00000, 0x0000000718000000, 0x0000000718000000|100%| E|CS|TAMS 0x0000000717e00000, 0x0000000717e00000| Complete 
| 117|0x0000000718000000, 0x0000000718200000, 0x0000000718200000|100%| E|CS|TAMS 0x0000000718000000, 0x0000000718000000| Complete 
| 118|0x0000000718200000, 0x0000000718400000, 0x0000000718400000|100%| E|CS|TAMS 0x0000000718200000, 0x0000000718200000| Complete 
| 119|0x0000000718400000, 0x0000000718600000, 0x0000000718600000|100%| E|CS|TAMS 0x0000000718400000, 0x0000000718400000| Complete 
| 120|0x0000000718600000, 0x0000000718800000, 0x0000000718800000|100%| E|CS|TAMS 0x0000000718600000, 0x0000000718600000| Complete 
| 121|0x0000000718800000, 0x0000000718a00000, 0x0000000718a00000|100%| E|CS|TAMS 0x0000000718800000, 0x0000000718800000| Complete 
| 122|0x0000000718a00000, 0x0000000718c00000, 0x0000000718c00000|100%| E|CS|TAMS 0x0000000718a00000, 0x0000000718a00000| Complete 
| 123|0x0000000718c00000, 0x0000000718e00000, 0x0000000718e00000|100%| E|CS|TAMS 0x0000000718c00000, 0x0000000718c00000| Complete 

Card table byte_map: [0x000001d1caf60000,0x000001d1cb720000] _byte_map_base: 0x000001d1c7715000

Marking Bits (Prev, Next): (CMBitMap*) 0x000001d1b1fc1330, (CMBitMap*) 0x000001d1b1fc1370
 Prev Bits: [0x000001d1cbee0000, 0x000001d1cfc88000)
 Next Bits: [0x000001d1cfc90000, 0x000001d1d3a38000)

Polling page: 0x000001d1b2040000

Metaspace:

Usage:
  Non-class:     17.18 MB used.
      Class:      2.24 MB used.
       Both:     19.42 MB used.

Virtual space:
  Non-class space:       24.00 MB reserved,      17.38 MB ( 72%) committed,  3 nodes.
      Class space:        1.00 GB reserved,       2.38 MB ( <1%) committed,  1 nodes.
             Both:        1.02 GB reserved,      19.75 MB (  2%) committed. 

Chunk freelists:
   Non-Class:  2.69 MB
       Class:  1.55 MB
        Both:  4.23 MB

MaxMetaspaceSize: unlimited
CompressedClassSpaceSize: 1.00 GB
Initial GC threshold: 21.00 MB
Current GC threshold: 21.00 MB
CDS: on
MetaspaceReclaimPolicy: balanced
 - commit_granule_bytes: 65536.
 - commit_granule_words: 8192.
 - virtual_space_node_default_size: 1048576.
 - enlarge_chunks_in_place: 1.
 - new_chunks_are_fully_committed: 0.
 - uncommit_free_chunks: 1.
 - use_allocation_guard: 0.
 - handle_deallocations: 1.


Internal statistics:

num_allocs_failed_limit: 0.
num_arena_births: 134.
num_arena_deaths: 0.
num_vsnodes_births: 4.
num_vsnodes_deaths: 0.
num_space_committed: 316.
num_space_uncommitted: 0.
num_chunks_returned_to_freelist: 0.
num_chunks_taken_from_freelist: 833.
num_chunk_merges: 0.
num_chunk_splits: 577.
num_chunks_enlarged: 457.
num_purges: 0.
num_inconsistent_stats: 0.

CodeHeap 'non-profiled nmethods': size=120000Kb used=2672Kb max_used=2672Kb free=117327Kb
 bounds [0x000001d1c2800000, 0x000001d1c2aa0000, 0x000001d1c9d30000]
CodeHeap 'profiled nmethods': size=120000Kb used=9841Kb max_used=9841Kb free=110159Kb
 bounds [0x000001d1bb2d0000, 0x000001d1bbc70000, 0x000001d1c2800000]
CodeHeap 'non-nmethods': size=5760Kb used=1210Kb max_used=1264Kb free=4549Kb
 bounds [0x000001d1bad30000, 0x000001d1bafa0000, 0x000001d1bb2d0000]
 total_blobs=5155 nmethods=4661 adapters=405
 compilation: enabled
              stopped_count=0, restarted_count=0
 full_count=0

Compilation events (20 events):
Event: 4.771 Thread 0x000001d1d65342b0 nmethod 4616 0x000001d1bbc5b010 code [0x000001d1bbc5b1c0, 0x000001d1bbc5b308]
Event: 4.771 Thread 0x000001d1d65342b0 4617       3       java.nio.DirectByteBufferR::slice (74 bytes)
Event: 4.772 Thread 0x000001d1d65342b0 nmethod 4617 0x000001d1bbc5b390 code [0x000001d1bbc5b540, 0x000001d1bbc5b808]
Event: 4.775 Thread 0x000001d1d65342b0 4618   !   3       jdk.internal.loader.BuiltinClassLoader::defineClass (162 bytes)
Event: 4.778 Thread 0x000001d1d65342b0 nmethod 4618 0x000001d1bbc5b910 code [0x000001d1bbc5bda0, 0x000001d1bbc5e3a8]
Event: 4.778 Thread 0x000001d1d65342b0 4619       3       jdk.internal.loader.BuiltinClassLoader$LoadedModule::codeSourceURL (32 bytes)
Event: 4.778 Thread 0x000001d1d65342b0 nmethod 4619 0x000001d1bbc5f490 code [0x000001d1bbc5f640, 0x000001d1bbc5f968]
Event: 4.784 Thread 0x000001d1d65342b0 4620       3       java.util.Map::entry (10 bytes)
Event: 4.785 Thread 0x000001d1d65342b0 nmethod 4620 0x000001d1bbc5fb10 code [0x000001d1bbc5fd00, 0x000001d1bbc60298]
Event: 4.785 Thread 0x000001d1d65342b0 4621       1       java.util.concurrent.CopyOnWriteArrayList::setArray (6 bytes)
Event: 4.785 Thread 0x000001d1d65342b0 nmethod 4621 0x000001d1c2a97e90 code [0x000001d1c2a98020, 0x000001d1c2a98138]
Event: 4.787 Thread 0x000001d1d65342b0 4622       3       java.io.DataInputStream::readUTF (5 bytes)
Event: 4.787 Thread 0x000001d1d65342b0 nmethod 4622 0x000001d1bbc60490 code [0x000001d1bbc60620, 0x000001d1bbc60748]
Event: 4.787 Thread 0x000001d1d65342b0 4623       3       java.io.DataInputStream::readUnsignedShort (39 bytes)
Event: 4.787 Thread 0x000001d1d65342b0 nmethod 4623 0x000001d1bbc60810 code [0x000001d1bbc609e0, 0x000001d1bbc60da8]
Event: 4.787 Thread 0x000001d1d65342b0 4624       3       java.io.DataInputStream::readFully (9 bytes)
Event: 4.787 Thread 0x000001d1d65342b0 nmethod 4624 0x000001d1bbc60f10 code [0x000001d1bbc610c0, 0x000001d1bbc61208]
Event: 4.788 Thread 0x000001d1d651b7f0 4625  s    4       java.io.BufferedInputStream::read (49 bytes)
Event: 4.789 Thread 0x000001d1d65342b0 4626       3       java.util.concurrent.ConcurrentHashMap$KeyIterator::next (34 bytes)
Event: 4.789 Thread 0x000001d1d65342b0 nmethod 4626 0x000001d1bbc61310 code [0x000001d1bbc614c0, 0x000001d1bbc61798]

GC Heap History (6 events):
Event: 0.758 GC heap before
{Heap before GC invocations=0 (full 0):
 garbage-first heap   total 253952K, used 22528K [0x0000000709600000, 0x0000000800000000)
  region size 2048K, 11 young (22528K), 0 survivors (0K)
 Metaspace       used 5468K, committed 5696K, reserved 1056768K
  class space    used 656K, committed 768K, reserved 1048576K
}
Event: 0.763 GC heap after
{Heap after GC invocations=1 (full 0):
 garbage-first heap   total 253952K, used 3780K [0x0000000709600000, 0x0000000800000000)
  region size 2048K, 2 young (4096K), 2 survivors (4096K)
 Metaspace       used 5468K, committed 5696K, reserved 1056768K
  class space    used 656K, committed 768K, reserved 1048576K
}
Event: 1.415 GC heap before
{Heap before GC invocations=1 (full 0):
 garbage-first heap   total 253952K, used 34500K [0x0000000709600000, 0x0000000800000000)
  region size 2048K, 17 young (34816K), 2 survivors (4096K)
 Metaspace       used 9090K, committed 9216K, reserved 1064960K
  class space    used 1108K, committed 1152K, reserved 1048576K
}
Event: 1.421 GC heap after
{Heap after GC invocations=2 (full 0):
 garbage-first heap   total 253952K, used 5274K [0x0000000709600000, 0x0000000800000000)
  region size 2048K, 1 young (2048K), 1 survivors (2048K)
 Metaspace       used 9090K, committed 9216K, reserved 1064960K
  class space    used 1108K, committed 1152K, reserved 1048576K
}
Event: 4.468 GC heap before
{Heap before GC invocations=2 (full 0):
 garbage-first heap   total 253952K, used 236698K [0x0000000709600000, 0x0000000800000000)
  region size 2048K, 67 young (137216K), 1 survivors (2048K)
 Metaspace       used 18238K, committed 18496K, reserved 1073152K
  class space    used 2090K, committed 2240K, reserved 1048576K
}
Event: 4.487 GC heap after
{Heap after GC invocations=3 (full 0):
 garbage-first heap   total 253952K, used 15861K [0x0000000709600000, 0x0000000800000000)
  region size 2048K, 6 young (12288K), 6 survivors (12288K)
 Metaspace       used 18238K, committed 18496K, reserved 1073152K
  class space    used 2090K, committed 2240K, reserved 1048576K
}

Deoptimization events (20 events):
Event: 4.729 Thread 0x000001d1b1f6ff20 Uncommon trap: trap_request=0xffffff45 fr.pc=0x000001d1c2a636b8 relative=0x0000000000001378
Event: 4.729 Thread 0x000001d1b1f6ff20 Uncommon trap: reason=unstable_if action=reinterpret pc=0x000001d1c2a636b8 method=java.lang.String.<init>([BIILjava/nio/charset/Charset;)V @ 329 c2
Event: 4.729 Thread 0x000001d1b1f6ff20 DEOPT PACKING pc=0x000001d1c2a636b8 sp=0x0000003e649fbe00
Event: 4.729 Thread 0x000001d1b1f6ff20 DEOPT UNPACKING pc=0x000001d1bad85c23 sp=0x0000003e649fbde8 mode 2
Event: 4.733 Thread 0x000001d1b1f6ff20 Uncommon trap: trap_request=0xffffff45 fr.pc=0x000001d1c2a34c68 relative=0x00000000000002c8
Event: 4.733 Thread 0x000001d1b1f6ff20 Uncommon trap: reason=unstable_if action=reinterpret pc=0x000001d1c2a34c68 method=java.util.stream.StreamOpFlag.fromCharacteristics(Ljava/util/Spliterator;)I @ 10 c2
Event: 4.733 Thread 0x000001d1b1f6ff20 DEOPT PACKING pc=0x000001d1c2a34c68 sp=0x0000003e649fca50
Event: 4.734 Thread 0x000001d1b1f6ff20 DEOPT UNPACKING pc=0x000001d1bad85c23 sp=0x0000003e649fc9b0 mode 2
Event: 4.737 Thread 0x000001d1b1f6ff20 Uncommon trap: trap_request=0xffffff45 fr.pc=0x000001d1c2a90934 relative=0x00000000000002b4
Event: 4.737 Thread 0x000001d1b1f6ff20 Uncommon trap: reason=unstable_if action=reinterpret pc=0x000001d1c2a90934 method=java.util.Arrays.hashCode([B)I @ 1 c2
Event: 4.737 Thread 0x000001d1b1f6ff20 DEOPT PACKING pc=0x000001d1c2a90934 sp=0x0000003e649fcbd0
Event: 4.737 Thread 0x000001d1b1f6ff20 DEOPT UNPACKING pc=0x000001d1bad85c23 sp=0x0000003e649fcb50 mode 2
Event: 4.739 Thread 0x000001d1b1f6ff20 Uncommon trap: trap_request=0xffffff45 fr.pc=0x000001d1c2a91474 relative=0x00000000000000d4
Event: 4.739 Thread 0x000001d1b1f6ff20 Uncommon trap: reason=unstable_if action=reinterpret pc=0x000001d1c2a91474 method=jdk.nio.zipfs.ZipConstants.pkSigAt([BIII)Z @ 5 c2
Event: 4.739 Thread 0x000001d1b1f6ff20 DEOPT PACKING pc=0x000001d1c2a91474 sp=0x0000003e649fca40
Event: 4.739 Thread 0x000001d1b1f6ff20 DEOPT UNPACKING pc=0x000001d1bad85c23 sp=0x0000003e649fc9e8 mode 2
Event: 4.753 Thread 0x000001d1b1f6ff20 Uncommon trap: trap_request=0xffffff76 fr.pc=0x000001d1c2a932c8 relative=0x00000000000001a8
Event: 4.753 Thread 0x000001d1b1f6ff20 Uncommon trap: reason=predicate action=maybe_recompile pc=0x000001d1c2a932c8 method=java.util.LinkedHashMap.valuesToArray([Ljava/lang/Object;)[Ljava/lang/Object; @ 12 c2
Event: 4.753 Thread 0x000001d1b1f6ff20 DEOPT PACKING pc=0x000001d1c2a932c8 sp=0x0000003e649fcad0
Event: 4.753 Thread 0x000001d1b1f6ff20 DEOPT UNPACKING pc=0x000001d1bad85c23 sp=0x0000003e649fca88 mode 2

Classes unloaded (0 events):
No events

Classes redefined (0 events):
No events

Internal exceptions (20 events):
Event: 2.010 Thread 0x000001d1b1f6ff20 Exception <a 'java/lang/NoSuchMethodError'{0x0000000717bada88}: 'java.lang.Object java.lang.invoke.DirectMethodHandle$Holder.invokeStaticInit(java.lang.Object, int, int, int, int)'> (0x0000000717bada88) 
thrown [c:\sb\prod\1715191057\workspace\open\src\hotspot\share\interpreter\linkResolver.cpp, line 766]
Event: 2.154 Thread 0x000001d1b1f6ff20 Implicit null exception at 0x000001d1c2864a72 to 0x000001d1c28650c4
Event: 2.154 Thread 0x000001d1b1f6ff20 Implicit null exception at 0x000001d1c2835872 to 0x000001d1c2835ed8
Event: 2.748 Thread 0x000001d1b1f6ff20 Implicit null exception at 0x000001d1c29083af to 0x000001d1c290849c
Event: 2.749 Thread 0x000001d1b1f6ff20 Implicit null exception at 0x000001d1c28b4aed to 0x000001d1c28b4cc4
Event: 2.749 Thread 0x000001d1b1f6ff20 Implicit null exception at 0x000001d1c2907ed8 to 0x000001d1c2907f6e
Event: 3.659 Thread 0x000001d1b1f6ff20 Implicit null exception at 0x000001d1c290788f to 0x000001d1c2907909
Event: 3.842 Thread 0x000001d1b1f6ff20 Exception <a 'java/lang/NoSuchMethodError'{0x00000007123e2380}: 'java.lang.Object java.lang.invoke.DirectMethodHandle$Holder.newInvokeSpecial(java.lang.Object, java.lang.Object, java.lang.Object, java.lang.Object, java.lang.Object, java.lang.Object, java.lang.Object)'> (0x00000007123e2380) 
thrown [c:\sb\prod\1715191057\workspace\open\src\hotspot\share\interpreter\linkResolver.cpp, line 766]
Event: 3.843 Thread 0x000001d1b1f6ff20 Exception <a 'java/lang/NoSuchMethodError'{0x00000007123e6c90}: 'java.lang.Object java.lang.invoke.Invokers$Holder.linkToTargetMethod(java.lang.Object, java.lang.Object, java.lang.Object, java.lang.Object, java.lang.Object, java.lang.Object, java.lang.Object)'> (0x00000007123e6c90) 
thrown [c:\sb\prod\1715191057\workspace\open\src\hotspot\share\interpreter\linkResolver.cpp, line 766]
Event: 4.036 Thread 0x000001d1b1f6ff20 Implicit null exception at 0x000001d1c29f983b to 0x000001d1c29f9f8c
Event: 4.046 Thread 0x000001d1b1f6ff20 Exception <a 'java/lang/NoSuchMethodError'{0x0000000711974048}: 'java.lang.Object java.lang.invoke.DirectMethodHandle$Holder.invokeVirtual(java.lang.Object, java.lang.Object, java.lang.Object)'> (0x0000000711974048) 
thrown [c:\sb\prod\1715191057\workspace\open\src\hotspot\share\interpreter\linkResolver.cpp, line 766]
Event: 4.046 Thread 0x000001d1b1f6ff20 Exception <a 'java/lang/NoSuchMethodError'{0x000000071197b5b0}: 'void java.lang.invoke.DirectMethodHandle$Holder.invokeSpecial(java.lang.Object, java.lang.Object, java.lang.Object, java.lang.Object, java.lang.Object, java.lang.Object)'> (0x000000071197b5b0) 
thrown [c:\sb\prod\1715191057\workspace\open\src\hotspot\share\interpreter\linkResolver.cpp, line 766]
Event: 4.049 Thread 0x000001d1b1f6ff20 Exception <a 'java/lang/NoSuchMethodError'{0x0000000711986b08}: 'int java.lang.invoke.DirectMethodHandle$Holder.invokeVirtual(java.lang.Object, java.lang.Object)'> (0x0000000711986b08) 
thrown [c:\sb\prod\1715191057\workspace\open\src\hotspot\share\interpreter\linkResolver.cpp, line 766]
Event: 4.052 Thread 0x000001d1b1f6ff20 Implicit null exception at 0x000001d1c29b0b27 to 0x000001d1c29b3238
Event: 4.163 Thread 0x000001d1b1f6ff20 Exception <a 'sun/nio/fs/WindowsException'{0x0000000711492438}> (0x0000000711492438) 
thrown [c:\sb\prod\1715191057\workspace\open\src\hotspot\share\prims\jni.cpp, line 516]
Event: 4.559 Thread 0x000001d1b1f6ff20 Exception <a 'java/lang/NoSuchMethodError'{0x0000000718cee358}: 'int java.lang.invoke.DirectMethodHandle$Holder.invokeInterface(java.lang.Object, java.lang.Object)'> (0x0000000718cee358) 
thrown [c:\sb\prod\1715191057\workspace\open\src\hotspot\share\interpreter\linkResolver.cpp, line 766]
Event: 4.663 Thread 0x000001d1b1f6ff20 Exception <a 'java/lang/NoSuchMethodError'{0x00000007115fc7f0}: 'int java.lang.invoke.DirectMethodHandle$Holder.invokeVirtual(java.lang.Object, java.lang.Object, java.lang.Object)'> (0x00000007115fc7f0) 
thrown [c:\sb\prod\1715191057\workspace\open\src\hotspot\share\interpreter\linkResolver.cpp, line 766]
Event: 4.664 Thread 0x000001d1b1f6ff20 Exception <a 'java/lang/NoSuchMethodError'{0x0000000711203470}: 'void java.lang.invoke.DirectMethodHandle$Holder.invokeInterface(java.lang.Object, java.lang.Object, java.lang.Object)'> (0x0000000711203470) 
thrown [c:\sb\prod\1715191057\workspace\open\src\hotspot\share\interpreter\linkResolver.cpp, line 766]
Event: 4.668 Thread 0x000001d1b1f6ff20 Exception <a 'java/lang/NoSuchMethodError'{0x000000071120f0c0}: 'int java.lang.invoke.DirectMethodHandle$Holder.invokeStaticInit(java.lang.Object, java.lang.Object, java.lang.Object)'> (0x000000071120f0c0) 
thrown [c:\sb\prod\1715191057\workspace\open\src\hotspot\share\interpreter\linkResolver.cpp, line 766]
Event: 4.737 Thread 0x000001d1b1f6ff20 Implicit null exception at 0x000001d1c2a90691 to 0x000001d1c2a90923

VM Operations (20 events):
Event: 3.480 Executing VM operation: ICBufferFull
Event: 3.480 Executing VM operation: ICBufferFull done
Event: 3.957 Executing VM operation: ICBufferFull
Event: 3.958 Executing VM operation: ICBufferFull done
Event: 4.348 Executing VM operation: ICBufferFull
Event: 4.348 Executing VM operation: ICBufferFull done
Event: 4.462 Executing VM operation: HandshakeAllThreads
Event: 4.462 Executing VM operation: HandshakeAllThreads done
Event: 4.468 Executing VM operation: G1CollectForAllocation
Event: 4.487 Executing VM operation: G1CollectForAllocation done
Event: 4.556 Executing VM operation: HandshakeAllThreads
Event: 4.556 Executing VM operation: HandshakeAllThreads done
Event: 4.670 Executing VM operation: HandshakeAllThreads
Event: 4.670 Executing VM operation: HandshakeAllThreads done
Event: 4.674 Executing VM operation: HandshakeAllThreads
Event: 4.674 Executing VM operation: HandshakeAllThreads done
Event: 4.684 Executing VM operation: HandshakeAllThreads
Event: 4.684 Executing VM operation: HandshakeAllThreads done
Event: 4.686 Executing VM operation: HandshakeAllThreads
Event: 4.686 Executing VM operation: HandshakeAllThreads done

Events (20 events):
Event: 4.733 loading class java/util/TreeMap$TreeMapSpliterator
Event: 4.733 loading class java/util/TreeMap$TreeMapSpliterator done
Event: 4.733 loading class java/util/TreeMap$KeySpliterator done
Event: 4.778 loading class java/time/DateTimeException
Event: 4.778 loading class java/time/DateTimeException done
Event: 4.778 loading class java/util/regex/PatternSyntaxException
Event: 4.779 loading class java/util/regex/PatternSyntaxException done
Event: 4.785 loading class java/time/zone/ZoneRulesProvider
Event: 4.785 loading class java/time/zone/ZoneRulesProvider done
Event: 4.785 loading class java/time/zone/ZoneRulesProvider$1
Event: 4.785 loading class java/time/zone/ZoneRulesProvider$1 done
Event: 4.785 loading class java/time/zone/TzdbZoneRulesProvider
Event: 4.786 loading class java/time/zone/TzdbZoneRulesProvider done
Event: 4.789 loading class java/time/zone/Ser
Event: 4.789 loading class java/io/Externalizable
Event: 4.790 loading class java/io/Externalizable done
Event: 4.790 loading class java/time/zone/Ser done
Event: 4.792 loading class java/time/zone/ZoneOffsetTransition
Event: 4.793 loading class java/time/zone/ZoneOffsetTransition done
Event: 4.794 loading class jdk/internal/jrtfs/JrtFileSystem


Dynamic libraries:
0x00007ff797ce0000 - 0x00007ff797cee000 	C:\Program Files\Java\jdk-17.0.0.1\bin\java.exe
0x00007ffe43dc0000 - 0x00007ffe44028000 	C:\WINDOWS\SYSTEM32\ntdll.dll
0x00007ffe43450000 - 0x00007ffe43519000 	C:\WINDOWS\System32\KERNEL32.DLL
0x00007ffe40d00000 - 0x00007ffe410f1000 	C:\WINDOWS\System32\KERNELBASE.dll
0x00007ffe40bb0000 - 0x00007ffe40cfb000 	C:\WINDOWS\System32\ucrtbase.dll
0x00007ffe28c30000 - 0x00007ffe28c48000 	C:\Program Files\Java\jdk-17.0.0.1\bin\jli.dll
0x00007ffe15070000 - 0x00007ffe1508a000 	C:\Program Files\Java\jdk-17.0.0.1\bin\VCRUNTIME140.dll
0x00007ffe43990000 - 0x00007ffe43b56000 	C:\WINDOWS\System32\USER32.dll
0x00007ffe10a80000 - 0x00007ffe10d13000 	C:\WINDOWS\WinSxS\amd64_microsoft.windows.common-controls_6595b64144ccf1df_6.0.26100.7824_none_3e0870b2e3345462\COMCTL32.dll
0x00007ffe40b80000 - 0x00007ffe40ba7000 	C:\WINDOWS\System32\win32u.dll
0x00007ffe41d40000 - 0x00007ffe41de9000 	C:\WINDOWS\System32\msvcrt.dll
0x00007ffe428d0000 - 0x00007ffe428fb000 	C:\WINDOWS\System32\GDI32.dll
0x00007ffe41970000 - 0x00007ffe41a9b000 	C:\WINDOWS\System32\gdi32full.dll
0x00007ffe40960000 - 0x00007ffe40a03000 	C:\WINDOWS\System32\msvcp_win.dll
0x00007ffe43b60000 - 0x00007ffe43b91000 	C:\WINDOWS\System32\IMM32.DLL
0x00007ffe38f30000 - 0x00007ffe38f3c000 	C:\Program Files\Java\jdk-17.0.0.1\bin\vcruntime140_1.dll
0x00007ffe14fe0000 - 0x00007ffe1506d000 	C:\Program Files\Java\jdk-17.0.0.1\bin\msvcp140.dll
0x00007ffd6c4f0000 - 0x00007ffd6d0b0000 	C:\Program Files\Java\jdk-17.0.0.1\bin\server\jvm.dll
0x00007ffe43830000 - 0x00007ffe438e4000 	C:\WINDOWS\System32\ADVAPI32.dll
0x00007ffe43c70000 - 0x00007ffe43d16000 	C:\WINDOWS\System32\sechost.dll
0x00007ffe42ea0000 - 0x00007ffe42fb8000 	C:\WINDOWS\System32\RPCRT4.dll
0x00007ffe43520000 - 0x00007ffe43528000 	C:\WINDOWS\System32\PSAPI.DLL
0x00007ffe36480000 - 0x00007ffe364b5000 	C:\WINDOWS\SYSTEM32\WINMM.dll
0x00007ffe26e80000 - 0x00007ffe26e8a000 	C:\WINDOWS\SYSTEM32\WSOCK32.dll
0x00007ffe437b0000 - 0x00007ffe43824000 	C:\WINDOWS\System32\WS2_32.dll
0x00007ffe2f7a0000 - 0x00007ffe2f7ab000 	C:\WINDOWS\SYSTEM32\VERSION.dll
0x00007ffe3f360000 - 0x00007ffe3f37b000 	C:\WINDOWS\SYSTEM32\kernel.appcore.dll
0x00007ffe2bc50000 - 0x00007ffe2bc5a000 	C:\Program Files\Java\jdk-17.0.0.1\bin\jimage.dll
0x00007ffe3e3f0000 - 0x00007ffe3e632000 	C:\WINDOWS\SYSTEM32\DBGHELP.DLL
0x00007ffe42b10000 - 0x00007ffe42e96000 	C:\WINDOWS\System32\combase.dll
0x00007ffe42900000 - 0x00007ffe429d7000 	C:\WINDOWS\System32\OLEAUT32.dll
0x00007ffe24160000 - 0x00007ffe2419b000 	C:\WINDOWS\SYSTEM32\dbgcore.DLL
0x00007ffe408b0000 - 0x00007ffe40955000 	C:\WINDOWS\System32\bcryptPrimitives.dll
0x00007ffe14fb0000 - 0x00007ffe14fd5000 	C:\Program Files\Java\jdk-17.0.0.1\bin\java.dll
0x00007ffdda030000 - 0x00007ffdda106000 	C:\Program Files\Java\jdk-17.0.0.1\bin\svml.dll
0x00007ffe42170000 - 0x00007ffe428c2000 	C:\WINDOWS\System32\SHELL32.dll
0x00007ffe40a10000 - 0x00007ffe40b7a000 	C:\WINDOWS\System32\wintypes.dll
0x00007ffe41100000 - 0x00007ffe41963000 	C:\WINDOWS\System32\windows.storage.dll
0x00007ffe42a10000 - 0x00007ffe42b06000 	C:\WINDOWS\System32\SHCORE.dll
0x00007ffe41ed0000 - 0x00007ffe41f37000 	C:\WINDOWS\System32\shlwapi.dll
0x00007ffe405c0000 - 0x00007ffe405e9000 	C:\WINDOWS\SYSTEM32\profapi.dll
0x00007ffe14ee0000 - 0x00007ffe14ef9000 	C:\Program Files\Java\jdk-17.0.0.1\bin\net.dll
0x00007ffe2ff70000 - 0x00007ffe30097000 	C:\WINDOWS\SYSTEM32\WINHTTP.dll
0x00007ffe3f950000 - 0x00007ffe3f9bb000 	C:\WINDOWS\system32\mswsock.dll
0x00007ffe10520000 - 0x00007ffe10535000 	C:\Program Files\Java\jdk-17.0.0.1\bin\nio.dll
0x00007ffe104f0000 - 0x00007ffe10508000 	C:\Program Files\Java\jdk-17.0.0.1\bin\zip.dll
0x0000000069ac0000 - 0x0000000069ae4000 	C:\ProgramData\chocolatey\lib\maven\apache-maven-3.9.6\lib\jansi-native\Windows\x86_64\jansi.dll
0x00007ffe14fa0000 - 0x00007ffe14fb0000 	C:\Program Files\Java\jdk-17.0.0.1\bin\verify.dll
0x00007ffe3f520000 - 0x00007ffe3f556000 	C:\WINDOWS\SYSTEM32\ntmarta.dll

dbghelp: loaded successfully - version: 4.0.5 - missing functions: none
symbol engine: initialized successfully - sym options: 0x614 - pdb path: .;C:\Program Files\Java\jdk-17.0.0.1\bin;C:\WINDOWS\SYSTEM32;C:\WINDOWS\WinSxS\amd64_microsoft.windows.common-controls_6595b64144ccf1df_6.0.26100.7824_none_3e0870b2e3345462;C:\Program Files\Java\jdk-17.0.0.1\bin\server;C:\ProgramData\chocolatey\lib\maven\apache-maven-3.9.6\lib\jansi-native\Windows\x86_64

VM Arguments:
jvm_args: -Dclassworlds.conf=C:\ProgramData\chocolatey\lib\maven\apache-maven-3.9.6\bin\m2.conf -Dmaven.home=C:\ProgramData\chocolatey\lib\maven\apache-maven-3.9.6 -Dlibrary.jansi.path=C:\ProgramData\chocolatey\lib\maven\apache-maven-3.9.6\lib\jansi-native -Dmaven.multiModuleProjectDirectory=E:\ERC\BGC Event Management\bgc-event-management-system 
java_command: org.codehaus.plexus.classworlds.launcher.Launcher spring-boot:run
java_class_path (initial): C:\ProgramData\chocolatey\lib\maven\apache-maven-3.9.6\boot\plexus-classworlds-2.7.0.jar
Launcher Type: SUN_STANDARD

[Global flags]
     intx CICompilerCount                          = 4                                         {product} {ergonomic}
     uint ConcGCThreads                            = 2                                         {product} {ergonomic}
     uint G1ConcRefinementThreads                  = 8                                         {product} {ergonomic}
   size_t G1HeapRegionSize                         = 2097152                                   {product} {ergonomic}
    uintx GCDrainStackTargetSize                   = 64                                        {product} {ergonomic}
   size_t InitialHeapSize                          = 260046848                                 {product} {ergonomic}
   size_t MarkStackSize                            = 4194304                                   {product} {ergonomic}
   size_t MaxHeapSize                              = 4137680896                                {product} {ergonomic}
   size_t MaxNewSize                               = 2480930816                                {product} {ergonomic}
   size_t MinHeapDeltaBytes                        = 2097152                                   {product} {ergonomic}
   size_t MinHeapSize                              = 8388608                                   {product} {ergonomic}
    uintx NonNMethodCodeHeapSize                   = 5839372                                {pd product} {ergonomic}
    uintx NonProfiledCodeHeapSize                  = 122909434                              {pd product} {ergonomic}
    uintx ProfiledCodeHeapSize                     = 122909434                              {pd product} {ergonomic}
    uintx ReservedCodeCacheSize                    = 251658240                              {pd product} {ergonomic}
     bool SegmentedCodeCache                       = true                                      {product} {ergonomic}
   size_t SoftMaxHeapSize                          = 4137680896                             {manageable} {ergonomic}
     bool UseCompressedClassPointers               = true                           {product lp64_product} {ergonomic}
     bool UseCompressedOops                        = true                           {product lp64_product} {ergonomic}
     bool UseG1GC                                  = true                                      {product} {ergonomic}
     bool UseLargePagesIndividualAllocation        = false                                  {pd product} {ergonomic}

Logging:
Log output configuration:
 #0: stdout all=warning uptime,level,tags
 #1: stderr all=off uptime,level,tags

Environment Variables:
PATH=C:\Program Files\Microsoft SQL Server\130\Tools\Binn\;C:\Windows\system32;C:\ProgramData\chocolatey\bin;C:\ProgramData\chocolatey\lib\maven\apache-maven-3.9.6\bin;C:\Program Files\Java\jdk-17.0.0.1\bin;C:\WINDOWS\system32;C:\WINDOWS;C:\WINDOWS\System32\Wbem;C:\WINDOWS\System32\WindowsPowerShell\v1.0\;C:\WINDOWS\System32\OpenSSH\;C:\Program Files\Git\bin\;C:\Program Files\Git\cmd\;C:\Program Files\PyManager\;C:\Program Files\nodejs\;C:\Program Files (x86)\dotnet;C:\Program Files\Microsoft Visual Studio\2022\Community\MSBuild\Current\Bin;C:\Program Files\PuTTY\;C:\Program Files\Docker\Docker\resources\bin;C:\Program Files\dotnet\;C:\Users\ntaga\AppData\Local\Microsoft\WindowsApps;C:\Program Files\Java\jdk1.8.0_212\bin;C:\flutter\bin;C:\Program Files\Git\bin\;C:\Program Files\Git\cmd\;C:\Users\ntaga\AppData\Local\Python\bin;C:\Users\ntaga\AppData\Roaming\npm;C:\Users\ntaga\.dotnet\tools;C:\Users\ntaga\AppData\Local\Programs\Microsoft VS Code\bin;C:\Users\ntaga\AppData\Local\GitHubDesktop\bin;
USERNAME=ntaga
OS=Windows_NT
PROCESSOR_IDENTIFIER=Intel64 Family 6 Model 140 Stepping 1, GenuineIntel



---------------  S Y S T E M  ---------------

OS:
 Windows 10 , 64 bit Build 26100 (10.0.26100.7705)
OS uptime: 4 days 0:45 hours
Hyper-V role detected

CPU: total 8 (initial active 8) (4 cores per cpu, 2 threads per core) family 6 model 140 stepping 1 microcode 0xbe, cx8, cmov, fxsr, ht, mmx, 3dnowpref, sse, sse2, sse3, ssse3, sse4.1, sse4.2, popcnt, lzcnt, tsc, tscinvbit, avx, avx2, aes, erms, clmul, bmi1, bmi2, adx, avx512f, avx512dq, avx512cd, avx512bw, avx512vl, sha, fma, vzeroupper, avx512_vpopcntdq, avx512_vpclmulqdq, avx512_vaes, avx512_vnni, clflush, clflushopt, clwb, avx512_vbmi2, avx512_vbmi, hv

Memory: 4k page, system-wide physical 15781M (573M free)
TotalPageFile size 39855M (AvailPageFile size 0M)
current process WorkingSet (physical memory assigned to process): 350M, peak: 350M
current process commit charge ("private bytes"): 401M, peak: 402M

vm_info: OpenJDK 64-Bit Server VM (17.0.0.1+2-3) for windows-amd64 JRE (17.0.0.1+2-3), built on May  8 2024 19:05:00 by "mach5one" with MS VC++ 16.8 (VS2019)

END.
